2026-01-23 10:02:39 - fbh - INFO - target.py:35 - Created new target: mint_mobile
2026-01-23 10:02:39 - fbh - INFO - target.py:69 - Creating workspace for mint_mobile
2026-01-23 10:02:39 - fbh - INFO - target.py:102 - Workspace created at: /Users/hades/Desktop/bugbounty/flutter_bounty_hunter/targets/mint_mobile
2026-01-23 10:02:39 - fbh - INFO - target.py:33 - Loaded existing target: mint_mobile
2026-01-23 10:17:59 - fbh - INFO - target.py:33 - Loaded existing target: mint_mobile
2026-01-23 10:17:59 - fbh - INFO - scanner.py:95 - Running quick_all scanner on mint_mobile
2026-01-23 10:17:59 - fbh - INFO - scanner.py:49 - Started quick_all scan (ID: 1)
2026-01-23 10:17:59 - fbh - INFO - scanner.py:56 - Completed quick_all scan with 0 findings
2026-01-23 10:20:09 - fbh - INFO - target.py:33 - Loaded existing target: mint_mobile
2026-01-23 10:23:53 - fbh - INFO - target.py:33 - Loaded existing target: mint_mobile
2026-01-23 10:50:27 - fbh - INFO - target.py:33 - Loaded existing target: mint_mobile
2026-01-23 03:10:35 - fbh - INFO - target.py:33 - Loaded existing target: mint_mobile
2026-01-23 03:11:18 - fbh - INFO - target.py:33 - Loaded existing target: mint_mobile
2026-01-23 03:11:19 - fbh - INFO - target.py:33 - Loaded existing target: mint_mobile
2026-01-23 03:11:44 - fbh - INFO - target.py:33 - Loaded existing target: mint_mobile
2026-01-23 03:17:17 - fbh - INFO - target.py:33 - Loaded existing target: mint_mobile
2026-01-23 03:20:02 - fbh - INFO - target.py:33 - Loaded existing target: mint_mobile
2026-01-23 03:23:32 - fbh - INFO - target.py:33 - Loaded existing target: mint_mobile
2026-01-23 03:25:13 - fbh - INFO - target.py:33 - Loaded existing target: mint_mobile
2026-01-23 03:29:23 - fbh - INFO - target.py:33 - Loaded existing target: mint_mobile
2026-01-23 03:29:23 - fbh - INFO - target.py:33 - Loaded existing target: mint_mobile
2026-01-23 03:31:39 - fbh - INFO - target.py:35 - Created new target: google_pay
2026-01-23 03:31:39 - fbh - INFO - target.py:69 - Creating workspace for google_pay
2026-01-23 03:31:39 - fbh - INFO - target.py:102 - Workspace created at: /Users/hades/Desktop/bugbounty/flutter_bounty_hunter/targets/google_pay
2026-01-23 03:32:32 - fbh - INFO - target.py:33 - Loaded existing target: google_pay
2026-01-23 03:32:32 - fbh - INFO - target.py:33 - Loaded existing target: mint_mobile
2026-01-23 03:45:40 - fbh - INFO - target.py:33 - Loaded existing target: google_pay
2026-01-23 03:45:40 - fbh - INFO - target.py:33 - Loaded existing target: mint_mobile
2026-01-23 03:46:02 - fbh - INFO - target.py:33 - Loaded existing target: google_pay
2026-01-23 03:46:02 - fbh - INFO - target.py:33 - Loaded existing target: mint_mobile
2026-01-23 03:48:42 - fbh - INFO - target.py:33 - Loaded existing target: google_pay
2026-01-23 03:48:42 - fbh - INFO - target.py:33 - Loaded existing target: mint_mobile
2026-01-23 03:48:47 - fbh - INFO - target.py:33 - Loaded existing target: google_pay
2026-01-23 03:48:52 - fbh - INFO - target.py:33 - Loaded existing target: google_pay
2026-01-23 03:48:52 - fbh - INFO - target.py:33 - Loaded existing target: mint_mobile
2026-01-23 03:52:10 - fbh - INFO - target.py:33 - Loaded existing target: google_pay
2026-01-23 03:52:10 - fbh - INFO - target.py:33 - Loaded existing target: mint_mobile
2026-01-23 04:08:32 - fbh - INFO - target.py:33 - Loaded existing target: google_pay
2026-01-23 04:08:32 - fbh - INFO - target.py:33 - Loaded existing target: mint_mobile
2026-01-23 04:08:39 - fbh - INFO - target.py:33 - Loaded existing target: google_pay
2026-01-23 04:08:39 - fbh - INFO - target.py:33 - Loaded existing target: mint_mobile
2026-01-23 04:09:06 - fbh - INFO - target.py:33 - Loaded existing target: google_pay
2026-01-23 04:09:06 - fbh - INFO - target.py:33 - Loaded existing target: mint_mobile
2026-01-23 04:52:52 - fbh - INFO - target.py:33 - Loaded existing target: google_pay
2026-01-23 04:52:52 - fbh - INFO - target.py:33 - Loaded existing target: mint_mobile
2026-01-23 05:01:44 - fbh - INFO - target.py:35 - Created new target: mint
2026-01-23 05:01:44 - fbh - INFO - target.py:69 - Creating workspace for mint
2026-01-23 05:01:44 - fbh - INFO - target.py:102 - Workspace created at: /Users/hades/Desktop/bugbounty/flutter_bounty_hunter/targets/mint
2026-01-23 05:01:46 - fbh - INFO - target.py:33 - Loaded existing target: mint
2026-01-23 05:01:46 - fbh - INFO - target.py:33 - Loaded existing target: google_pay
2026-01-23 05:01:46 - fbh - INFO - target.py:33 - Loaded existing target: mint_mobile
